<?xml version="1.0" encoding="UTF-8"?>
<!-- Generated by org.testng.reporters.JUnitReportReporter -->
<testsuite hostname="HJNZL001900" name="ASAAP.Post_Token" tests="1" failures="0" timestamp="21 Jul 2023 07:43:23 GMT" time="3.588" errors="0">
  <testcase name="post_token" time="3.588" classname="ASAAP.Post_Token"/>
</testsuite> <!-- ASAAP.Post_Token -->
