<?xml version="1.0" encoding="UTF-8"?>
<!-- Generated by org.testng.reporters.JUnitReportReporter -->
<testsuite hostname="HJNZL001900" name="ASAAP.PostParty" tests="1" failures="0" timestamp="21 Jul 2023 07:43:23 GMT" time="7.801" errors="0">
  <testcase name="PostParty" time="7.801" classname="ASAAP.PostParty"/>
</testsuite> <!-- ASAAP.PostParty -->
