<?xml version="1.0" encoding="UTF-8"?>
<!-- Generated by org.testng.reporters.JUnitReportReporter -->
<testsuite hostname="HJNZL001900" name="ASAAP.putParty" tests="1" failures="0" timestamp="21 Jul 2023 07:43:23 GMT" time="7.847" errors="0">
  <testcase name="PutParty" time="7.847" classname="ASAAP.putParty"/>
</testsuite> <!-- ASAAP.putParty -->
